生成启动时间为 2019/7/13 14:39:50。
     1>项目“C:\Users\admin\Documents\Visual Studio 2010\Projects\贪吃蛇\贪吃蛇\贪吃蛇.vcxproj”在节点 2 上(build 个目标)。
     1>InitializeBuildStatus:
         正在创建“Debug\贪吃蛇.unsuccessfulbuild”，因为已指定“AlwaysCreate”。
       ClCompile:
         D:\Microsoft Visual Studio 10.0\VC\bin\CL.exe /c /ZI /nologo /W3 /WX- /Od /Oy- /D WIN32 /D _WINDOWS /D _DEBUG /D _MBCS /D _AFXDLL /Gm /EHsc /RTC1 /MDd /GS /fp:precise /Zc:wchar_t /Zc:forScope /Yc"StdAfx.h" /Fp"Debug\贪吃蛇.pch" /Fo"Debug\\" /Fd"Debug\vc100.pdb" /Gd /TP /analyze- /errorReport:prompt stdafx.cpp
         stdafx.cpp
         D:\Microsoft Visual Studio 10.0\VC\bin\CL.exe /c /ZI /nologo /W3 /WX- /Od /Oy- /D WIN32 /D _WINDOWS /D _DEBUG /D _MBCS /D _AFXDLL /Gm /EHsc /RTC1 /MDd /GS /fp:precise /Zc:wchar_t /Zc:forScope /Yu"StdAfx.h" /Fp"Debug\贪吃蛇.pch" /Fo"Debug\\" /Fd"Debug\vc100.pdb" /Gd /TP /analyze- /errorReport:prompt MainDlg.cpp MenuDlg.cpp Snake.cpp "贪吃蛇.cpp" "贪吃蛇Dlg.cpp"
         贪吃蛇Dlg.cpp
     1>c:\users\admin\documents\visual studio 2010\projects\贪吃蛇\贪吃蛇\贪吃蛇dlg.cpp(203): warning C4244: “参数”: 从“time_t”转换到“unsigned int”，可能丢失数据
         贪吃蛇.cpp
         Snake.cpp
         MenuDlg.cpp
         MainDlg.cpp
         正在生成代码...
       ResourceCompile:
         C:\Program Files (x86)\Microsoft SDKs\Windows\v7.0A\bin\rc.exe /D _DEBUG /D _AFXDLL /l"0x0804" /IDebug\ /nologo /fo"Debug\贪吃蛇.res" "贪吃蛇.rc" 
       ManifestResourceCompile:
         C:\Program Files (x86)\Microsoft SDKs\Windows\v7.0A\bin\rc.exe /nologo /fo"Debug\贪吃蛇.exe.embed.manifest.res" "Debug\贪吃蛇_manifest.rc" 
       Link:
         D:\Microsoft Visual Studio 10.0\VC\bin\link.exe /ERRORREPORT:PROMPT /OUT:"C:\Users\admin\Documents\Visual Studio 2010\Projects\贪吃蛇\Debug\贪吃蛇.exe" /INCREMENTAL /NOLOGO /MANIFEST /ManifestFile:"Debug\贪吃蛇.exe.intermediate.manifest" /MANIFESTUAC:"level='asInvoker' uiAccess='false'" /DEBUG /PDB:"C:\Users\admin\Documents\Visual Studio 2010\Projects\贪吃蛇\Debug\贪吃蛇.pdb" /SUBSYSTEM:WINDOWS /TLBID:1 /DYNAMICBASE /NXCOMPAT /IMPLIB:"C:\Users\admin\Documents\Visual Studio 2010\Projects\贪吃蛇\Debug\贪吃蛇.lib" /MACHINE:X86 "Debug\贪吃蛇.res"
         "Debug\贪吃蛇.exe.embed.manifest.res"
         Debug\MainDlg.obj
         Debug\MenuDlg.obj
         Debug\Snake.obj
         Debug\stdafx.obj
         "Debug\贪吃蛇.obj"
         "Debug\贪吃蛇Dlg.obj"
       Manifest:
         C:\Program Files (x86)\Microsoft SDKs\Windows\v7.0A\bin\mt.exe /nologo /verbose /out:"Debug\贪吃蛇.exe.embed.manifest" /manifest "Debug\贪吃蛇.exe.intermediate.manifest" "D:\Microsoft Visual Studio 10.0\VC\Include\Manifest\dpiaware.manifest"
         C:\Program Files (x86)\Microsoft SDKs\Windows\v7.0A\bin\rc.exe /nologo /fo"Debug\贪吃蛇.exe.embed.manifest.res" "Debug\贪吃蛇_manifest.rc" 
       LinkEmbedManifest:
         D:\Microsoft Visual Studio 10.0\VC\bin\link.exe /ERRORREPORT:PROMPT /OUT:"C:\Users\admin\Documents\Visual Studio 2010\Projects\贪吃蛇\Debug\贪吃蛇.exe" /INCREMENTAL /NOLOGO /MANIFEST /ManifestFile:"Debug\贪吃蛇.exe.intermediate.manifest" /MANIFESTUAC:"level='asInvoker' uiAccess='false'" /DEBUG /PDB:"C:\Users\admin\Documents\Visual Studio 2010\Projects\贪吃蛇\Debug\贪吃蛇.pdb" /SUBSYSTEM:WINDOWS /TLBID:1 /DYNAMICBASE /NXCOMPAT /IMPLIB:"C:\Users\admin\Documents\Visual Studio 2010\Projects\贪吃蛇\Debug\贪吃蛇.lib" /MACHINE:X86 "Debug\贪吃蛇.res"
         "Debug\贪吃蛇.exe.embed.manifest.res"
         Debug\MainDlg.obj
         Debug\MenuDlg.obj
         Debug\Snake.obj
         Debug\stdafx.obj
         "Debug\贪吃蛇.obj"
         "Debug\贪吃蛇Dlg.obj"
         贪吃蛇.vcxproj -> C:\Users\admin\Documents\Visual Studio 2010\Projects\贪吃蛇\Debug\贪吃蛇.exe
       FinalizeBuildStatus:
         正在删除文件“Debug\贪吃蛇.unsuccessfulbuild”。
         正在对“Debug\贪吃蛇.lastbuildstate”执行 Touch 任务。
     1>已完成生成项目“C:\Users\admin\Documents\Visual Studio 2010\Projects\贪吃蛇\贪吃蛇\贪吃蛇.vcxproj”(build 个目标)的操作。

生成成功。

已用时间 00:00:08.57
