C:\USERS\ADMIN\DOCUMENTS\VISUAL STUDIO 2010\PROJECTS\贪吃蛇\DEBUG\贪吃蛇.EXE
C:\USERS\ADMIN\DOCUMENTS\VISUAL STUDIO 2010\PROJECTS\贪吃蛇\DEBUG\贪吃蛇.ILK
C:\USERS\ADMIN\DOCUMENTS\VISUAL STUDIO 2010\PROJECTS\贪吃蛇\DEBUG\贪吃蛇.PDB
C:\Users\admin\Documents\Visual Studio 2010\Projects\贪吃蛇\贪吃蛇\Debug\cl.command.1.tlog
C:\Users\admin\Documents\Visual Studio 2010\Projects\贪吃蛇\贪吃蛇\Debug\CL.read.1.tlog
C:\Users\admin\Documents\Visual Studio 2010\Projects\贪吃蛇\贪吃蛇\Debug\CL.write.1.tlog
C:\Users\admin\Documents\Visual Studio 2010\Projects\贪吃蛇\贪吃蛇\Debug\link.command.1.tlog
C:\Users\admin\Documents\Visual Studio 2010\Projects\贪吃蛇\贪吃蛇\Debug\link.read.1.tlog
C:\Users\admin\Documents\Visual Studio 2010\Projects\贪吃蛇\贪吃蛇\Debug\link.write.1.tlog
C:\Users\admin\Documents\Visual Studio 2010\Projects\贪吃蛇\贪吃蛇\Debug\link-cvtres.read.1.tlog
C:\Users\admin\Documents\Visual Studio 2010\Projects\贪吃蛇\贪吃蛇\Debug\link-cvtres.write.1.tlog
C:\USERS\ADMIN\DOCUMENTS\VISUAL STUDIO 2010\PROJECTS\贪吃蛇\贪吃蛇\DEBUG\MAINDLG.OBJ
C:\USERS\ADMIN\DOCUMENTS\VISUAL STUDIO 2010\PROJECTS\贪吃蛇\贪吃蛇\DEBUG\MENUDLG.OBJ
C:\Users\admin\Documents\Visual Studio 2010\Projects\贪吃蛇\贪吃蛇\Debug\mt.command.1.tlog
C:\Users\admin\Documents\Visual Studio 2010\Projects\贪吃蛇\贪吃蛇\Debug\mt.read.1.tlog
C:\Users\admin\Documents\Visual Studio 2010\Projects\贪吃蛇\贪吃蛇\Debug\mt.write.1.tlog
C:\Users\admin\Documents\Visual Studio 2010\Projects\贪吃蛇\贪吃蛇\Debug\rc.command.1.tlog
C:\Users\admin\Documents\Visual Studio 2010\Projects\贪吃蛇\贪吃蛇\Debug\rc.read.1.tlog
C:\Users\admin\Documents\Visual Studio 2010\Projects\贪吃蛇\贪吃蛇\Debug\rc.write.1.tlog
C:\USERS\ADMIN\DOCUMENTS\VISUAL STUDIO 2010\PROJECTS\贪吃蛇\贪吃蛇\DEBUG\SNAKE.OBJ
C:\USERS\ADMIN\DOCUMENTS\VISUAL STUDIO 2010\PROJECTS\贪吃蛇\贪吃蛇\DEBUG\STDAFX.OBJ
C:\Users\admin\Documents\Visual Studio 2010\Projects\贪吃蛇\贪吃蛇\Debug\vc100.idb
C:\USERS\ADMIN\DOCUMENTS\VISUAL STUDIO 2010\PROJECTS\贪吃蛇\贪吃蛇\DEBUG\VC100.PDB
C:\USERS\ADMIN\DOCUMENTS\VISUAL STUDIO 2010\PROJECTS\贪吃蛇\贪吃蛇\DEBUG\贪吃蛇.EXE.EMBED.MANIFEST
C:\USERS\ADMIN\DOCUMENTS\VISUAL STUDIO 2010\PROJECTS\贪吃蛇\贪吃蛇\DEBUG\贪吃蛇.EXE.EMBED.MANIFEST.RES
C:\USERS\ADMIN\DOCUMENTS\VISUAL STUDIO 2010\PROJECTS\贪吃蛇\贪吃蛇\DEBUG\贪吃蛇.EXE.INTERMEDIATE.MANIFEST
C:\USERS\ADMIN\DOCUMENTS\VISUAL STUDIO 2010\PROJECTS\贪吃蛇\贪吃蛇\DEBUG\贪吃蛇.OBJ
C:\USERS\ADMIN\DOCUMENTS\VISUAL STUDIO 2010\PROJECTS\贪吃蛇\贪吃蛇\DEBUG\贪吃蛇.PCH
C:\USERS\ADMIN\DOCUMENTS\VISUAL STUDIO 2010\PROJECTS\贪吃蛇\贪吃蛇\DEBUG\贪吃蛇.RES
C:\Users\admin\Documents\Visual Studio 2010\Projects\贪吃蛇\贪吃蛇\Debug\贪吃蛇.write.1.tlog
C:\Users\admin\Documents\Visual Studio 2010\Projects\贪吃蛇\贪吃蛇\Debug\贪吃蛇_manifest.rc
C:\USERS\ADMIN\DOCUMENTS\VISUAL STUDIO 2010\PROJECTS\贪吃蛇\贪吃蛇\DEBUG\贪吃蛇DLG.OBJ
